<?xml version="1.0" encoding="UTF-8"?>
<!-- Generated by org.testng.reporters.JUnitXMLReporter -->
<testsuite ignored="0" hostname="NGBLR-03015" failures="0" tests="5" name="Default test" time="0.109" errors="0" timestamp="2020-01-14T15:02:01 IST">
  <testcase classname="hometest.home_test" name="@BeforeTest initialize" time="-1.578994321423E9">
    <failure type="org.testng.TestNGException" message="
Parameter &amp;apos;portalurl&amp;apos; is required by BeforeTest on method initialize but has not been marked @Optional or defined
in C:\Users\Ashwinidr\AppData\Local\Temp\testng-eclipse--1589916121\testng-customsuite.xml">
      <![CDATA[org.testng.TestNGException: 
Parameter 'portalurl' is required by BeforeTest on method initialize but has not been marked @Optional or defined
in C:\Users\Ashwinidr\AppData\Local\Temp\testng-eclipse--1589916121\testng-customsuite.xml
at org.testng.internal.Parameters.createParams(Parameters.java:289)
at org.testng.internal.Parameters.createParametersForMethod(Parameters.java:377)
at org.testng.internal.Parameters.createParameters(Parameters.java:721)
at org.testng.internal.Parameters.createConfigurationParameters(Parameters.java:164)
at org.testng.internal.ConfigInvoker.invokeConfigurations(ConfigInvoker.java:275)
at org.testng.TestRunner.invokeTestConfigurations(TestRunner.java:623)
at org.testng.TestRunner.beforeRun(TestRunner.java:613)
at org.testng.TestRunner.run(TestRunner.java:584)
at org.testng.SuiteRunner.runTest(SuiteRunner.java:402)
at org.testng.SuiteRunner.runSequentially(SuiteRunner.java:396)
at org.testng.SuiteRunner.privateRun(SuiteRunner.java:355)
at org.testng.SuiteRunner.run(SuiteRunner.java:304)
at org.testng.SuiteRunnerWorker.runSuite(SuiteRunnerWorker.java:53)
at org.testng.SuiteRunnerWorker.run(SuiteRunnerWorker.java:96)
at org.testng.TestNG.runSuitesSequentially(TestNG.java:1180)
at org.testng.TestNG.runSuitesLocally(TestNG.java:1102)
at org.testng.TestNG.runSuites(TestNG.java:1032)
at org.testng.TestNG.run(TestNG.java:1000)
at org.testng.remote.AbstractRemoteTestNG.run(AbstractRemoteTestNG.java:115)
at org.testng.remote.RemoteTestNG.initAndRun(RemoteTestNG.java:251)
at org.testng.remote.RemoteTestNG.main(RemoteTestNG.java:77)
]]>
    </failure>
  </testcase> <!-- @BeforeTest initialize -->
  <testcase classname="hometest.home_test" name="@BeforeMethod logintest" time="-1.578994321468E9">
    <skipped/>
  </testcase> <!-- @BeforeMethod logintest -->
  <testcase classname="hometest.home_test" name="@AfterMethod exit" time="-1.578994321488E9">
    <skipped/>
  </testcase> <!-- @AfterMethod exit -->
  <testcase classname="hometest.home_test" name="@BeforeMethod logintest" time="-1.578994321493E9">
    <skipped/>
  </testcase> <!-- @BeforeMethod logintest -->
  <testcase classname="hometest.home_test" name="@AfterMethod exit" time="-1.578994321499E9">
    <skipped/>
  </testcase> <!-- @AfterMethod exit -->
  <testcase classname="hometest.home_test" name="@BeforeMethod logintest" time="-1.578994321502E9">
    <skipped/>
  </testcase> <!-- @BeforeMethod logintest -->
  <testcase classname="hometest.home_test" name="@AfterMethod exit" time="-1.578994321507E9">
    <skipped/>
  </testcase> <!-- @AfterMethod exit -->
  <testcase classname="hometest.home_test" name="@BeforeMethod logintest" time="-1.578994321509E9">
    <skipped/>
  </testcase> <!-- @BeforeMethod logintest -->
  <testcase classname="hometest.home_test" name="@AfterMethod exit" time="-1.578994321515E9">
    <skipped/>
  </testcase> <!-- @AfterMethod exit -->
  <testcase classname="hometest.home_test" name="@BeforeMethod logintest" time="-1.578994321517E9">
    <skipped/>
  </testcase> <!-- @BeforeMethod logintest -->
  <testcase classname="hometest.home_test" name="@AfterMethod exit" time="-1.578994321522E9">
    <skipped/>
  </testcase> <!-- @AfterMethod exit -->
  <testcase classname="hometest.home_test" name="search_test" time="0.0">
    <skipped/>
  </testcase> <!-- search_test -->
  <testcase classname="hometest.home_test" name="babycare_test" time="0.0">
    <skipped/>
  </testcase> <!-- babycare_test -->
  <testcase classname="hometest.home_test" name="mobiledet_test" time="0.0">
    <skipped/>
  </testcase> <!-- mobiledet_test -->
  <testcase classname="hometest.home_test" name="trending_test" time="0.0">
    <skipped/>
  </testcase> <!-- trending_test -->
  <testcase classname="hometest.home_test" name="wishlist_test" time="0.0">
    <skipped/>
  </testcase> <!-- wishlist_test -->
</testsuite> <!-- Default test -->
